# JRE version: OpenJDK Runtime Environment (17.0.6) (build 17.0.6+0-b2043.56-9586694)
# Java VM: OpenJDK 64-Bit Server VM (17.0.6+0-b2043.56-9586694, mixed mode, tiered, compressed oops, compressed class ptrs, g1 gc, windows-amd64)
GC Precious Log:
 CPUs: 4 total, 4 available
 Memory: 8067M
 Large Page Support: Disabled
 NUMA Support: Disabled
 Compressed Oops: Enabled (32-bit)
 Heap Region Size: 1M
 Heap Min Capacity: 8M
 Heap Initial Capacity: 128M
 Heap Max Capacity: 2G
 Pre-touch: Disabled
 Parallel Workers: 4
 Concurrent Workers: 1
 Concurrent Refinement Workers: 4
 Periodic GC: Disabled
Heap:
 garbage-first heap   total 544768K, used 392338K [0x0000000080000000, 0x0000000100000000)
  region size 1024K, 38 young (38912K), 2 survivors (2048K)
 Metaspace       used 149690K, committed 150720K, reserved 1187840K
  class space    used 19734K, committed 20224K, reserved 1048576K
GC Heap History (20 events):
Event: 1849.984 GC heap before
{Heap before GC invocations=62 (full 0):
 garbage-first heap   total 394240K, used 345606K [0x0000000080000000, 0x0000000100000000)
  region size 1024K, 90 young (92160K), 2 survivors (2048K)
 Metaspace       used 129940K, committed 130880K, reserved 1163264K
  class space    used 17070K, committed 17536K, reserved 1048576K
}
Event: 1850.025 GC heap after
{Heap after GC invocations=63 (full 0):
 garbage-first heap   total 462848K, used 261064K [0x0000000080000000, 0x0000000100000000)
  region size 1024K, 12 young (12288K), 12 survivors (12288K)
 Metaspace       used 129940K, committed 130880K, reserved 1163264K
  class space    used 17070K, committed 17536K, reserved 1048576K
}
Event: 1853.007 GC heap before
{Heap before GC invocations=63 (full 0):
 garbage-first heap   total 462848K, used 368584K [0x0000000080000000, 0x0000000100000000)
  region size 1024K, 118 young (120832K), 12 survivors (12288K)
 Metaspace       used 134233K, committed 135104K, reserved 1171456K
  class space    used 17731K, committed 18176K, reserved 1048576K
}
Event: 1853.155 GC heap after
{Heap after GC invocations=64 (full 0):
 garbage-first heap   total 462848K, used 307636K [0x0000000080000000, 0x0000000100000000)
  region size 1024K, 15 young (15360K), 15 survivors (15360K)
 Metaspace       used 134233K, committed 135104K, reserved 1171456K
  class space    used 17731K, committed 18176K, reserved 1048576K
}
Event: 1855.069 GC heap before
{Heap before GC invocations=64 (full 0):
 garbage-first heap   total 462848K, used 370100K [0x0000000080000000, 0x0000000100000000)
  region size 1024K, 77 young (78848K), 15 survivors (15360K)
 Metaspace       used 136002K, committed 137024K, reserved 1171456K
  class space    used 17985K, committed 18496K, reserved 1048576K
}
Event: 1855.122 GC heap after
{Heap after GC invocations=65 (full 0):
 garbage-first heap   total 462848K, used 315392K [0x0000000080000000, 0x0000000100000000)
  region size 1024K, 7 young (7168K), 7 survivors (7168K)
 Metaspace       used 136002K, committed 137024K, reserved 1171456K
  class space    used 17985K, committed 18496K, reserved 1048576K
}
Event: 1857.876 GC heap before
{Heap before GC invocations=66 (full 0):
 garbage-first heap   total 544768K, used 381952K [0x0000000080000000, 0x0000000100000000)
  region size 1024K, 68 young (69632K), 7 survivors (7168K)
 Metaspace       used 136336K, committed 137280K, reserved 1171456K
  class space    used 18030K, committed 18496K, reserved 1048576K
}
Event: 1857.914 GC heap after
{Heap after GC invocations=67 (full 0):
 garbage-first heap   total 544768K, used 325568K [0x0000000080000000, 0x0000000100000000)
  region size 1024K, 6 young (6144K), 6 survivors (6144K)
 Metaspace       used 136336K, committed 137280K, reserved 1171456K
  class space    used 18030K, committed 18496K, reserved 1048576K
}
Event: 1858.259 GC heap before
{Heap before GC invocations=67 (full 0):
 garbage-first heap   total 544768K, used 350144K [0x0000000080000000, 0x0000000100000000)
  region size 1024K, 26 young (26624K), 6 survivors (6144K)
 Metaspace       used 136500K, committed 137472K, reserved 1171456K
  class space    used 18051K, committed 18560K, reserved 1048576K
}
Event: 1858.300 GC heap after
{Heap after GC invocations=68 (full 0):
 garbage-first heap   total 544768K, used 328096K [0x0000000080000000, 0x0000000100000000)
  region size 1024K, 4 young (4096K), 4 survivors (4096K)
 Metaspace       used 136500K, committed 137472K, reserved 1171456K
  class space    used 18051K, committed 18560K, reserved 1048576K
}
Event: 1859.681 GC heap before
{Heap before GC invocations=68 (full 0):
 garbage-first heap   total 544768K, used 456096K [0x0000000080000000, 0x0000000100000000)
  region size 1024K, 102 young (104448K), 4 survivors (4096K)
 Metaspace       used 136869K, committed 137792K, reserved 1171456K
  class space    used 18085K, committed 18560K, reserved 1048576K
}
Event: 1859.691 GC heap after
{Heap after GC invocations=69 (full 0):
 garbage-first heap   total 544768K, used 348127K [0x0000000080000000, 0x0000000100000000)
  region size 1024K, 6 young (6144K), 6 survivors (6144K)
 Metaspace       used 136869K, committed 137792K, reserved 1171456K
  class space    used 18085K, committed 18560K, reserved 1048576K
}
Event: 1860.898 GC heap before
{Heap before GC invocations=69 (full 0):
 garbage-first heap   total 544768K, used 441311K [0x0000000080000000, 0x0000000100000000)
  region size 1024K, 98 young (100352K), 6 survivors (6144K)
 Metaspace       used 138677K, committed 139648K, reserved 1171456K
  class space    used 18271K, committed 18752K, reserved 1048576K
}
Event: 1860.910 GC heap after
{Heap after GC invocations=70 (full 0):
 garbage-first heap   total 544768K, used 330459K [0x0000000080000000, 0x0000000100000000)
  region size 1024K, 7 young (7168K), 7 survivors (7168K)
 Metaspace       used 138677K, committed 139648K, reserved 1171456K
  class space    used 18271K, committed 18752K, reserved 1048576K
}
Event: 1878.477 GC heap before
{Heap before GC invocations=70 (full 0):
 garbage-first heap   total 544768K, used 445147K [0x0000000080000000, 0x0000000100000000)
  region size 1024K, 118 young (120832K), 7 survivors (7168K)
 Metaspace       used 146328K, committed 147328K, reserved 1179648K
  class space    used 19406K, committed 19904K, reserved 1048576K
}
Event: 1878.508 GC heap after
{Heap after GC invocations=71 (full 0):
 garbage-first heap   total 544768K, used 344303K [0x0000000080000000, 0x0000000100000000)
  region size 1024K, 15 young (15360K), 15 survivors (15360K)
 Metaspace       used 146328K, committed 147328K, reserved 1179648K
  class space    used 19406K, committed 19904K, reserved 1048576K
}
Event: 1880.944 GC heap before
{Heap before GC invocations=71 (full 0):
 garbage-first heap   total 544768K, used 449775K [0x0000000080000000, 0x0000000100000000)
  region size 1024K, 115 young (117760K), 15 survivors (15360K)
 Metaspace       used 148618K, committed 149696K, reserved 1179648K
  class space    used 19588K, committed 20096K, reserved 1048576K
}
Event: 1880.967 GC heap after
{Heap after GC invocations=72 (full 0):
 garbage-first heap   total 544768K, used 340325K [0x0000000080000000, 0x0000000100000000)
  region size 1024K, 2 young (2048K), 2 survivors (2048K)
 Metaspace       used 148618K, committed 149696K, reserved 1179648K
  class space    used 19588K, committed 20096K, reserved 1048576K
}
Event: 1881.562 GC heap before
{Heap before GC invocations=72 (full 0):
 garbage-first heap   total 544768K, used 368997K [0x0000000080000000, 0x0000000100000000)
  region size 1024K, 8 young (8192K), 2 survivors (2048K)
 Metaspace       used 149209K, committed 150272K, reserved 1179648K
  class space    used 19672K, committed 20160K, reserved 1048576K
}
Event: 1881.568 GC heap after
{Heap after GC invocations=73 (full 0):
 garbage-first heap   total 544768K, used 346258K [0x0000000080000000, 0x0000000100000000)
  region size 1024K, 2 young (2048K), 2 survivors (2048K)
 Metaspace       used 149209K, committed 150272K, reserved 1179648K
  class space    used 19672K, committed 20160K, reserved 1048576K
}

